<?xml version="1.0" encoding="UTF-8"?>
<!-- Generated by org.testng.reporters.JUnitReportReporter -->
<testsuite hostname="LAPTOP-O39FFT71" failures="0" tests="1" name="testcases.RegisterTestcases" time="11.925" errors="0" timestamp="2024-03-18T09:03:24 IST" skipped="0">
  <testcase classname="testcases.RegisterTestcases" name="verifyRegistration" time="11.925"/>
</testsuite> <!-- testcases.RegisterTestcases -->
