<?xml version="1.0" encoding="UTF-8"?>
<!-- Generated by org.testng.reporters.JUnitReportReporter -->
<testsuite hostname="LAPTOP-O39FFT71" failures="0" tests="1" name="testcases.LoginTestcase" time="1.786" errors="0" timestamp="2024-03-18T09:03:24 IST" skipped="0">
  <testcase classname="testcases.LoginTestcase" name="verifyLogin" time="1.786"/>
</testsuite> <!-- testcases.LoginTestcase -->
